<?xml version="1.0" encoding="UTF-8"?>
<testsuite name="Customer Info" tests="1" errors="0" failures="0" skip="0">
<testcase classname="Customer Info" name="IP-TEST test list" time="6">
</testcase>
</testsuite>
