<?xml version="1.0" encoding="UTF-8"?>
<testsuite name="Organization Info" tests="1" errors="0" failures="0" skip="0">
<testcase classname="Organization Info" name="IP-6037: delete child nodes organization" time="34">
</testcase>
</testsuite>
